2024-09-28T15:31:26.848+08:00  INFO 11460 --- [jpa-many-to-one] [restartedMain] c.e.j.JpaManyToOneApplication            : Starting JpaManyToOneApplication using Java 17.0.12 with PID 11460 (/home/berlin/Programing/SpringBoot/jpa-many-to-one/build/classes/java/main started by berlin in /home/berlin/Programing/SpringBoot/jpa-many-to-one)
2024-09-28T15:31:26.852+08:00  INFO 11460 --- [jpa-many-to-one] [restartedMain] c.e.j.JpaManyToOneApplication            : No active profile set, falling back to 1 default profile: "default"
2024-09-28T15:31:26.881+08:00  INFO 11460 --- [jpa-many-to-one] [restartedMain] .e.DevToolsPropertyDefaultsPostProcessor : Devtools property defaults active! Set 'spring.devtools.add-properties' to 'false' to disable
2024-09-28T15:31:26.881+08:00  INFO 11460 --- [jpa-many-to-one] [restartedMain] .e.DevToolsPropertyDefaultsPostProcessor : For additional web related logging consider setting the 'logging.level.web' property to 'DEBUG'
2024-09-28T15:31:27.154+08:00  INFO 11460 --- [jpa-many-to-one] [restartedMain] .s.d.r.c.RepositoryConfigurationDelegate : Bootstrapping Spring Data JPA repositories in DEFAULT mode.
2024-09-28T15:31:27.177+08:00  INFO 11460 --- [jpa-many-to-one] [restartedMain] .s.d.r.c.RepositoryConfigurationDelegate : Finished Spring Data repository scanning in 19 ms. Found 2 JPA repository interfaces.
2024-09-28T15:31:27.433+08:00  INFO 11460 --- [jpa-many-to-one] [restartedMain] o.s.b.w.embedded.tomcat.TomcatWebServer  : Tomcat initialized with port 8080 (http)
2024-09-28T15:31:27.439+08:00  INFO 11460 --- [jpa-many-to-one] [restartedMain] o.apache.catalina.core.StandardService   : Starting service [Tomcat]
2024-09-28T15:31:27.440+08:00  INFO 11460 --- [jpa-many-to-one] [restartedMain] o.apache.catalina.core.StandardEngine    : Starting Servlet engine: [Apache Tomcat/10.1.30]
2024-09-28T15:31:27.461+08:00  INFO 11460 --- [jpa-many-to-one] [restartedMain] o.a.c.c.C.[Tomcat].[localhost].[/]       : Initializing Spring embedded WebApplicationContext
2024-09-28T15:31:27.461+08:00  INFO 11460 --- [jpa-many-to-one] [restartedMain] w.s.c.ServletWebServerApplicationContext : Root WebApplicationContext: initialization completed in 580 ms
2024-09-28T15:31:27.528+08:00  INFO 11460 --- [jpa-many-to-one] [restartedMain] o.hibernate.jpa.internal.util.LogHelper  : HHH000204: Processing PersistenceUnitInfo [name: default]
2024-09-28T15:31:27.553+08:00  INFO 11460 --- [jpa-many-to-one] [restartedMain] org.hibernate.Version                    : HHH000412: Hibernate ORM core version 6.5.3.Final
2024-09-28T15:31:27.569+08:00  INFO 11460 --- [jpa-many-to-one] [restartedMain] o.h.c.internal.RegionFactoryInitiator    : HHH000026: Second-level cache disabled
2024-09-28T15:31:27.696+08:00  INFO 11460 --- [jpa-many-to-one] [restartedMain] o.s.o.j.p.SpringPersistenceUnitInfo      : No LoadTimeWeaver setup: ignoring JPA class transformer
2024-09-28T15:31:27.709+08:00  INFO 11460 --- [jpa-many-to-one] [restartedMain] com.zaxxer.hikari.HikariDataSource       : HikariPool-1 - Starting...
2024-09-28T15:31:27.849+08:00  INFO 11460 --- [jpa-many-to-one] [restartedMain] com.zaxxer.hikari.pool.HikariPool        : HikariPool-1 - Added connection com.mysql.cj.jdbc.ConnectionImpl@5e7dca6
2024-09-28T15:31:27.850+08:00  INFO 11460 --- [jpa-many-to-one] [restartedMain] com.zaxxer.hikari.HikariDataSource       : HikariPool-1 - Start completed.
2024-09-28T15:31:28.264+08:00  INFO 11460 --- [jpa-many-to-one] [restartedMain] o.h.e.t.j.p.i.JtaPlatformInitiator       : HHH000489: No JTA platform available (set 'hibernate.transaction.jta.platform' to enable JTA platform integration)
2024-09-28T15:31:28.301+08:00  INFO 11460 --- [jpa-many-to-one] [restartedMain] j.LocalContainerEntityManagerFactoryBean : Initialized JPA EntityManagerFactory for persistence unit 'default'
2024-09-28T15:31:28.545+08:00  INFO 11460 --- [jpa-many-to-one] [restartedMain] o.s.b.d.a.OptionalLiveReloadServer       : LiveReload server is running on port 35729
2024-09-28T15:31:28.558+08:00  INFO 11460 --- [jpa-many-to-one] [restartedMain] o.s.b.w.embedded.tomcat.TomcatWebServer  : Tomcat started on port 8080 (http) with context path '/'
2024-09-28T15:31:28.563+08:00  INFO 11460 --- [jpa-many-to-one] [restartedMain] c.e.j.JpaManyToOneApplication            : Started JpaManyToOneApplication in 1.943 seconds (process running for 2.135)
2024-09-28T15:31:41.550+08:00  INFO 11460 --- [jpa-many-to-one] [http-nio-8080-exec-1] o.a.c.c.C.[Tomcat].[localhost].[/]       : Initializing Spring DispatcherServlet 'dispatcherServlet'
2024-09-28T15:31:41.551+08:00  INFO 11460 --- [jpa-many-to-one] [http-nio-8080-exec-1] o.s.web.servlet.DispatcherServlet        : Initializing Servlet 'dispatcherServlet'
2024-09-28T15:31:41.551+08:00  INFO 11460 --- [jpa-many-to-one] [http-nio-8080-exec-1] o.s.web.servlet.DispatcherServlet        : Completed initialization in 0 ms
2024-09-28T15:34:44.975+08:00  INFO 11460 --- [jpa-many-to-one] [SpringApplicationShutdownHook] j.LocalContainerEntityManagerFactoryBean : Closing JPA EntityManagerFactory for persistence unit 'default'
2024-09-28T15:34:44.977+08:00  INFO 11460 --- [jpa-many-to-one] [SpringApplicationShutdownHook] com.zaxxer.hikari.HikariDataSource       : HikariPool-1 - Shutdown initiated...
2024-09-28T15:34:44.981+08:00  INFO 11460 --- [jpa-many-to-one] [SpringApplicationShutdownHook] com.zaxxer.hikari.HikariDataSource       : HikariPool-1 - Shutdown completed.
2024-09-28T15:34:56.130+08:00  INFO 14935 --- [jpa-many-to-one] [restartedMain] c.e.j.JpaManyToOneApplication            : Starting JpaManyToOneApplication using Java 17.0.12 with PID 14935 (/home/berlin/Programing/SpringBoot/jpa-many-to-one/build/classes/java/main started by berlin in /home/berlin/Programing/SpringBoot/jpa-many-to-one)
2024-09-28T15:34:56.132+08:00  INFO 14935 --- [jpa-many-to-one] [restartedMain] c.e.j.JpaManyToOneApplication            : No active profile set, falling back to 1 default profile: "default"
2024-09-28T15:34:56.157+08:00  INFO 14935 --- [jpa-many-to-one] [restartedMain] .e.DevToolsPropertyDefaultsPostProcessor : Devtools property defaults active! Set 'spring.devtools.add-properties' to 'false' to disable
2024-09-28T15:34:56.157+08:00  INFO 14935 --- [jpa-many-to-one] [restartedMain] .e.DevToolsPropertyDefaultsPostProcessor : For additional web related logging consider setting the 'logging.level.web' property to 'DEBUG'
2024-09-28T15:34:56.488+08:00  INFO 14935 --- [jpa-many-to-one] [restartedMain] .s.d.r.c.RepositoryConfigurationDelegate : Bootstrapping Spring Data JPA repositories in DEFAULT mode.
2024-09-28T15:34:56.514+08:00  INFO 14935 --- [jpa-many-to-one] [restartedMain] .s.d.r.c.RepositoryConfigurationDelegate : Finished Spring Data repository scanning in 22 ms. Found 2 JPA repository interfaces.
2024-09-28T15:34:56.821+08:00  INFO 14935 --- [jpa-many-to-one] [restartedMain] o.s.b.w.embedded.tomcat.TomcatWebServer  : Tomcat initialized with port 8080 (http)
2024-09-28T15:34:56.829+08:00  INFO 14935 --- [jpa-many-to-one] [restartedMain] o.apache.catalina.core.StandardService   : Starting service [Tomcat]
2024-09-28T15:34:56.830+08:00  INFO 14935 --- [jpa-many-to-one] [restartedMain] o.apache.catalina.core.StandardEngine    : Starting Servlet engine: [Apache Tomcat/10.1.30]
2024-09-28T15:34:56.861+08:00  INFO 14935 --- [jpa-many-to-one] [restartedMain] o.a.c.c.C.[Tomcat].[localhost].[/]       : Initializing Spring embedded WebApplicationContext
2024-09-28T15:34:56.862+08:00  INFO 14935 --- [jpa-many-to-one] [restartedMain] w.s.c.ServletWebServerApplicationContext : Root WebApplicationContext: initialization completed in 705 ms
2024-09-28T15:34:56.956+08:00  INFO 14935 --- [jpa-many-to-one] [restartedMain] o.hibernate.jpa.internal.util.LogHelper  : HHH000204: Processing PersistenceUnitInfo [name: default]
2024-09-28T15:34:56.984+08:00  INFO 14935 --- [jpa-many-to-one] [restartedMain] org.hibernate.Version                    : HHH000412: Hibernate ORM core version 6.5.3.Final
2024-09-28T15:34:57.004+08:00  INFO 14935 --- [jpa-many-to-one] [restartedMain] o.h.c.internal.RegionFactoryInitiator    : HHH000026: Second-level cache disabled
2024-09-28T15:34:57.186+08:00  INFO 14935 --- [jpa-many-to-one] [restartedMain] o.s.o.j.p.SpringPersistenceUnitInfo      : No LoadTimeWeaver setup: ignoring JPA class transformer
2024-09-28T15:34:57.205+08:00  INFO 14935 --- [jpa-many-to-one] [restartedMain] com.zaxxer.hikari.HikariDataSource       : HikariPool-1 - Starting...
2024-09-28T15:34:57.362+08:00  INFO 14935 --- [jpa-many-to-one] [restartedMain] com.zaxxer.hikari.pool.HikariPool        : HikariPool-1 - Added connection com.mysql.cj.jdbc.ConnectionImpl@22a75879
2024-09-28T15:34:57.363+08:00  INFO 14935 --- [jpa-many-to-one] [restartedMain] com.zaxxer.hikari.HikariDataSource       : HikariPool-1 - Start completed.
2024-09-28T15:34:57.826+08:00  INFO 14935 --- [jpa-many-to-one] [restartedMain] o.h.e.t.j.p.i.JtaPlatformInitiator       : HHH000489: No JTA platform available (set 'hibernate.transaction.jta.platform' to enable JTA platform integration)
2024-09-28T15:34:57.859+08:00  INFO 14935 --- [jpa-many-to-one] [restartedMain] j.LocalContainerEntityManagerFactoryBean : Initialized JPA EntityManagerFactory for persistence unit 'default'
2024-09-28T15:34:58.313+08:00  INFO 14935 --- [jpa-many-to-one] [restartedMain] o.s.b.d.a.OptionalLiveReloadServer       : LiveReload server is running on port 35729
2024-09-28T15:34:58.332+08:00  INFO 14935 --- [jpa-many-to-one] [restartedMain] o.s.b.w.embedded.tomcat.TomcatWebServer  : Tomcat started on port 8080 (http) with context path '/'
2024-09-28T15:34:58.341+08:00  INFO 14935 --- [jpa-many-to-one] [restartedMain] c.e.j.JpaManyToOneApplication            : Started JpaManyToOneApplication in 2.432 seconds (process running for 2.621)
2024-09-28T15:37:21.694+08:00  INFO 14935 --- [jpa-many-to-one] [http-nio-8080-exec-1] o.a.c.c.C.[Tomcat].[localhost].[/]       : Initializing Spring DispatcherServlet 'dispatcherServlet'
2024-09-28T15:37:21.694+08:00  INFO 14935 --- [jpa-many-to-one] [http-nio-8080-exec-1] o.s.web.servlet.DispatcherServlet        : Initializing Servlet 'dispatcherServlet'
2024-09-28T15:37:21.695+08:00  INFO 14935 --- [jpa-many-to-one] [http-nio-8080-exec-1] o.s.web.servlet.DispatcherServlet        : Completed initialization in 1 ms
2024-09-28T15:38:08.487+08:00  INFO 14935 --- [jpa-many-to-one] [SpringApplicationShutdownHook] j.LocalContainerEntityManagerFactoryBean : Closing JPA EntityManagerFactory for persistence unit 'default'
2024-09-28T15:38:08.488+08:00  INFO 14935 --- [jpa-many-to-one] [SpringApplicationShutdownHook] com.zaxxer.hikari.HikariDataSource       : HikariPool-1 - Shutdown initiated...
2024-09-28T15:38:08.492+08:00  INFO 14935 --- [jpa-many-to-one] [SpringApplicationShutdownHook] com.zaxxer.hikari.HikariDataSource       : HikariPool-1 - Shutdown completed.
2024-09-28T15:38:15.453+08:00  INFO 16744 --- [jpa-many-to-one] [restartedMain] c.e.j.JpaManyToOneApplication            : Starting JpaManyToOneApplication using Java 17.0.12 with PID 16744 (/home/berlin/Programing/SpringBoot/jpa-many-to-one/build/classes/java/main started by berlin in /home/berlin/Programing/SpringBoot/jpa-many-to-one)
2024-09-28T15:38:15.454+08:00  INFO 16744 --- [jpa-many-to-one] [restartedMain] c.e.j.JpaManyToOneApplication            : No active profile set, falling back to 1 default profile: "default"
2024-09-28T15:38:15.481+08:00  INFO 16744 --- [jpa-many-to-one] [restartedMain] .e.DevToolsPropertyDefaultsPostProcessor : Devtools property defaults active! Set 'spring.devtools.add-properties' to 'false' to disable
2024-09-28T15:38:15.481+08:00  INFO 16744 --- [jpa-many-to-one] [restartedMain] .e.DevToolsPropertyDefaultsPostProcessor : For additional web related logging consider setting the 'logging.level.web' property to 'DEBUG'
2024-09-28T15:38:15.858+08:00  INFO 16744 --- [jpa-many-to-one] [restartedMain] .s.d.r.c.RepositoryConfigurationDelegate : Bootstrapping Spring Data JPA repositories in DEFAULT mode.
2024-09-28T15:38:15.885+08:00  INFO 16744 --- [jpa-many-to-one] [restartedMain] .s.d.r.c.RepositoryConfigurationDelegate : Finished Spring Data repository scanning in 23 ms. Found 2 JPA repository interfaces.
2024-09-28T15:38:16.210+08:00  INFO 16744 --- [jpa-many-to-one] [restartedMain] o.s.b.w.embedded.tomcat.TomcatWebServer  : Tomcat initialized with port 8080 (http)
2024-09-28T15:38:16.218+08:00  INFO 16744 --- [jpa-many-to-one] [restartedMain] o.apache.catalina.core.StandardService   : Starting service [Tomcat]
2024-09-28T15:38:16.219+08:00  INFO 16744 --- [jpa-many-to-one] [restartedMain] o.apache.catalina.core.StandardEngine    : Starting Servlet engine: [Apache Tomcat/10.1.30]
2024-09-28T15:38:16.249+08:00  INFO 16744 --- [jpa-many-to-one] [restartedMain] o.a.c.c.C.[Tomcat].[localhost].[/]       : Initializing Spring embedded WebApplicationContext
2024-09-28T15:38:16.250+08:00  INFO 16744 --- [jpa-many-to-one] [restartedMain] w.s.c.ServletWebServerApplicationContext : Root WebApplicationContext: initialization completed in 769 ms
2024-09-28T15:38:16.343+08:00  INFO 16744 --- [jpa-many-to-one] [restartedMain] o.hibernate.jpa.internal.util.LogHelper  : HHH000204: Processing PersistenceUnitInfo [name: default]
2024-09-28T15:38:16.370+08:00  INFO 16744 --- [jpa-many-to-one] [restartedMain] org.hibernate.Version                    : HHH000412: Hibernate ORM core version 6.5.3.Final
2024-09-28T15:38:16.389+08:00  INFO 16744 --- [jpa-many-to-one] [restartedMain] o.h.c.internal.RegionFactoryInitiator    : HHH000026: Second-level cache disabled
2024-09-28T15:38:16.556+08:00  INFO 16744 --- [jpa-many-to-one] [restartedMain] o.s.o.j.p.SpringPersistenceUnitInfo      : No LoadTimeWeaver setup: ignoring JPA class transformer
2024-09-28T15:38:16.573+08:00  INFO 16744 --- [jpa-many-to-one] [restartedMain] com.zaxxer.hikari.HikariDataSource       : HikariPool-1 - Starting...
2024-09-28T15:38:16.735+08:00  INFO 16744 --- [jpa-many-to-one] [restartedMain] com.zaxxer.hikari.pool.HikariPool        : HikariPool-1 - Added connection com.mysql.cj.jdbc.ConnectionImpl@22a75879
2024-09-28T15:38:16.736+08:00  INFO 16744 --- [jpa-many-to-one] [restartedMain] com.zaxxer.hikari.HikariDataSource       : HikariPool-1 - Start completed.
2024-09-28T15:38:17.201+08:00  INFO 16744 --- [jpa-many-to-one] [restartedMain] o.h.e.t.j.p.i.JtaPlatformInitiator       : HHH000489: No JTA platform available (set 'hibernate.transaction.jta.platform' to enable JTA platform integration)
2024-09-28T15:38:17.233+08:00  INFO 16744 --- [jpa-many-to-one] [restartedMain] j.LocalContainerEntityManagerFactoryBean : Initialized JPA EntityManagerFactory for persistence unit 'default'
2024-09-28T15:38:17.626+08:00  INFO 16744 --- [jpa-many-to-one] [restartedMain] o.s.b.d.a.OptionalLiveReloadServer       : LiveReload server is running on port 35729
2024-09-28T15:38:17.645+08:00  INFO 16744 --- [jpa-many-to-one] [restartedMain] o.s.b.w.embedded.tomcat.TomcatWebServer  : Tomcat started on port 8080 (http) with context path '/'
2024-09-28T15:38:17.653+08:00  INFO 16744 --- [jpa-many-to-one] [restartedMain] c.e.j.JpaManyToOneApplication            : Started JpaManyToOneApplication in 2.417 seconds (process running for 2.603)
2024-09-28T15:38:24.819+08:00  INFO 16744 --- [jpa-many-to-one] [http-nio-8080-exec-1] o.a.c.c.C.[Tomcat].[localhost].[/]       : Initializing Spring DispatcherServlet 'dispatcherServlet'
2024-09-28T15:38:24.819+08:00  INFO 16744 --- [jpa-many-to-one] [http-nio-8080-exec-1] o.s.web.servlet.DispatcherServlet        : Initializing Servlet 'dispatcherServlet'
2024-09-28T15:38:24.820+08:00  INFO 16744 --- [jpa-many-to-one] [http-nio-8080-exec-1] o.s.web.servlet.DispatcherServlet        : Completed initialization in 1 ms
2024-09-28T15:42:52.935+08:00  INFO 16744 --- [jpa-many-to-one] [SpringApplicationShutdownHook] j.LocalContainerEntityManagerFactoryBean : Closing JPA EntityManagerFactory for persistence unit 'default'
2024-09-28T15:42:52.939+08:00  INFO 16744 --- [jpa-many-to-one] [SpringApplicationShutdownHook] com.zaxxer.hikari.HikariDataSource       : HikariPool-1 - Shutdown initiated...
2024-09-28T15:42:52.943+08:00  INFO 16744 --- [jpa-many-to-one] [SpringApplicationShutdownHook] com.zaxxer.hikari.HikariDataSource       : HikariPool-1 - Shutdown completed.
2024-09-28T15:42:53.992+08:00  INFO 18240 --- [jpa-many-to-one] [restartedMain] c.e.j.JpaManyToOneApplication            : Starting JpaManyToOneApplication using Java 17.0.12 with PID 18240 (/home/berlin/Programing/SpringBoot/jpa-many-to-one/build/classes/java/main started by berlin in /home/berlin/Programing/SpringBoot/jpa-many-to-one)
2024-09-28T15:42:53.994+08:00  INFO 18240 --- [jpa-many-to-one] [restartedMain] c.e.j.JpaManyToOneApplication            : No active profile set, falling back to 1 default profile: "default"
2024-09-28T15:42:54.018+08:00  INFO 18240 --- [jpa-many-to-one] [restartedMain] .e.DevToolsPropertyDefaultsPostProcessor : Devtools property defaults active! Set 'spring.devtools.add-properties' to 'false' to disable
2024-09-28T15:42:54.018+08:00  INFO 18240 --- [jpa-many-to-one] [restartedMain] .e.DevToolsPropertyDefaultsPostProcessor : For additional web related logging consider setting the 'logging.level.web' property to 'DEBUG'
2024-09-28T15:42:54.339+08:00  INFO 18240 --- [jpa-many-to-one] [restartedMain] .s.d.r.c.RepositoryConfigurationDelegate : Bootstrapping Spring Data JPA repositories in DEFAULT mode.
2024-09-28T15:42:54.366+08:00  INFO 18240 --- [jpa-many-to-one] [restartedMain] .s.d.r.c.RepositoryConfigurationDelegate : Finished Spring Data repository scanning in 23 ms. Found 2 JPA repository interfaces.
2024-09-28T15:42:54.664+08:00  INFO 18240 --- [jpa-many-to-one] [restartedMain] o.s.b.w.embedded.tomcat.TomcatWebServer  : Tomcat initialized with port 8080 (http)
2024-09-28T15:42:54.672+08:00  INFO 18240 --- [jpa-many-to-one] [restartedMain] o.apache.catalina.core.StandardService   : Starting service [Tomcat]
2024-09-28T15:42:54.672+08:00  INFO 18240 --- [jpa-many-to-one] [restartedMain] o.apache.catalina.core.StandardEngine    : Starting Servlet engine: [Apache Tomcat/10.1.30]
2024-09-28T15:42:54.700+08:00  INFO 18240 --- [jpa-many-to-one] [restartedMain] o.a.c.c.C.[Tomcat].[localhost].[/]       : Initializing Spring embedded WebApplicationContext
2024-09-28T15:42:54.700+08:00  INFO 18240 --- [jpa-many-to-one] [restartedMain] w.s.c.ServletWebServerApplicationContext : Root WebApplicationContext: initialization completed in 682 ms
2024-09-28T15:42:54.787+08:00  INFO 18240 --- [jpa-many-to-one] [restartedMain] o.hibernate.jpa.internal.util.LogHelper  : HHH000204: Processing PersistenceUnitInfo [name: default]
2024-09-28T15:42:54.812+08:00  INFO 18240 --- [jpa-many-to-one] [restartedMain] org.hibernate.Version                    : HHH000412: Hibernate ORM core version 6.5.3.Final
2024-09-28T15:42:54.830+08:00  INFO 18240 --- [jpa-many-to-one] [restartedMain] o.h.c.internal.RegionFactoryInitiator    : HHH000026: Second-level cache disabled
2024-09-28T15:42:54.991+08:00  INFO 18240 --- [jpa-many-to-one] [restartedMain] o.s.o.j.p.SpringPersistenceUnitInfo      : No LoadTimeWeaver setup: ignoring JPA class transformer
2024-09-28T15:42:55.006+08:00  INFO 18240 --- [jpa-many-to-one] [restartedMain] com.zaxxer.hikari.HikariDataSource       : HikariPool-1 - Starting...
2024-09-28T15:42:55.166+08:00  INFO 18240 --- [jpa-many-to-one] [restartedMain] com.zaxxer.hikari.pool.HikariPool        : HikariPool-1 - Added connection com.mysql.cj.jdbc.ConnectionImpl@6653607a
2024-09-28T15:42:55.168+08:00  INFO 18240 --- [jpa-many-to-one] [restartedMain] com.zaxxer.hikari.HikariDataSource       : HikariPool-1 - Start completed.
2024-09-28T15:42:55.668+08:00  INFO 18240 --- [jpa-many-to-one] [restartedMain] o.h.e.t.j.p.i.JtaPlatformInitiator       : HHH000489: No JTA platform available (set 'hibernate.transaction.jta.platform' to enable JTA platform integration)
2024-09-28T15:42:55.703+08:00  INFO 18240 --- [jpa-many-to-one] [restartedMain] j.LocalContainerEntityManagerFactoryBean : Initialized JPA EntityManagerFactory for persistence unit 'default'
2024-09-28T15:42:56.079+08:00  INFO 18240 --- [jpa-many-to-one] [restartedMain] o.s.b.d.a.OptionalLiveReloadServer       : LiveReload server is running on port 35729
2024-09-28T15:42:56.098+08:00  INFO 18240 --- [jpa-many-to-one] [restartedMain] o.s.b.w.embedded.tomcat.TomcatWebServer  : Tomcat started on port 8080 (http) with context path '/'
2024-09-28T15:42:56.106+08:00  INFO 18240 --- [jpa-many-to-one] [restartedMain] c.e.j.JpaManyToOneApplication            : Started JpaManyToOneApplication in 2.336 seconds (process running for 2.519)
2024-09-28T15:44:11.325+08:00  INFO 18240 --- [jpa-many-to-one] [http-nio-8080-exec-1] o.a.c.c.C.[Tomcat].[localhost].[/]       : Initializing Spring DispatcherServlet 'dispatcherServlet'
2024-09-28T15:44:11.326+08:00  INFO 18240 --- [jpa-many-to-one] [http-nio-8080-exec-1] o.s.web.servlet.DispatcherServlet        : Initializing Servlet 'dispatcherServlet'
2024-09-28T15:44:11.326+08:00  INFO 18240 --- [jpa-many-to-one] [http-nio-8080-exec-1] o.s.web.servlet.DispatcherServlet        : Completed initialization in 0 ms
2024-09-28T15:44:46.776+08:00  INFO 18240 --- [jpa-many-to-one] [SpringApplicationShutdownHook] j.LocalContainerEntityManagerFactoryBean : Closing JPA EntityManagerFactory for persistence unit 'default'
2024-09-28T15:44:46.778+08:00  INFO 18240 --- [jpa-many-to-one] [SpringApplicationShutdownHook] com.zaxxer.hikari.HikariDataSource       : HikariPool-1 - Shutdown initiated...
2024-09-28T15:44:46.781+08:00  INFO 18240 --- [jpa-many-to-one] [SpringApplicationShutdownHook] com.zaxxer.hikari.HikariDataSource       : HikariPool-1 - Shutdown completed.
2024-09-28T15:44:47.903+08:00  INFO 19360 --- [jpa-many-to-one] [restartedMain] c.e.j.JpaManyToOneApplication            : Starting JpaManyToOneApplication using Java 17.0.12 with PID 19360 (/home/berlin/Programing/SpringBoot/jpa-many-to-one/build/classes/java/main started by berlin in /home/berlin/Programing/SpringBoot/jpa-many-to-one)
2024-09-28T15:44:47.905+08:00  INFO 19360 --- [jpa-many-to-one] [restartedMain] c.e.j.JpaManyToOneApplication            : No active profile set, falling back to 1 default profile: "default"
2024-09-28T15:44:47.933+08:00  INFO 19360 --- [jpa-many-to-one] [restartedMain] .e.DevToolsPropertyDefaultsPostProcessor : Devtools property defaults active! Set 'spring.devtools.add-properties' to 'false' to disable
2024-09-28T15:44:47.933+08:00  INFO 19360 --- [jpa-many-to-one] [restartedMain] .e.DevToolsPropertyDefaultsPostProcessor : For additional web related logging consider setting the 'logging.level.web' property to 'DEBUG'
2024-09-28T15:44:48.233+08:00  INFO 19360 --- [jpa-many-to-one] [restartedMain] .s.d.r.c.RepositoryConfigurationDelegate : Bootstrapping Spring Data JPA repositories in DEFAULT mode.
2024-09-28T15:44:48.259+08:00  INFO 19360 --- [jpa-many-to-one] [restartedMain] .s.d.r.c.RepositoryConfigurationDelegate : Finished Spring Data repository scanning in 22 ms. Found 2 JPA repository interfaces.
2024-09-28T15:44:48.578+08:00  INFO 19360 --- [jpa-many-to-one] [restartedMain] o.s.b.w.embedded.tomcat.TomcatWebServer  : Tomcat initialized with port 8080 (http)
2024-09-28T15:44:48.586+08:00  INFO 19360 --- [jpa-many-to-one] [restartedMain] o.apache.catalina.core.StandardService   : Starting service [Tomcat]
2024-09-28T15:44:48.586+08:00  INFO 19360 --- [jpa-many-to-one] [restartedMain] o.apache.catalina.core.StandardEngine    : Starting Servlet engine: [Apache Tomcat/10.1.30]
2024-09-28T15:44:48.617+08:00  INFO 19360 --- [jpa-many-to-one] [restartedMain] o.a.c.c.C.[Tomcat].[localhost].[/]       : Initializing Spring embedded WebApplicationContext
2024-09-28T15:44:48.617+08:00  INFO 19360 --- [jpa-many-to-one] [restartedMain] w.s.c.ServletWebServerApplicationContext : Root WebApplicationContext: initialization completed in 683 ms
2024-09-28T15:44:48.713+08:00  INFO 19360 --- [jpa-many-to-one] [restartedMain] o.hibernate.jpa.internal.util.LogHelper  : HHH000204: Processing PersistenceUnitInfo [name: default]
2024-09-28T15:44:48.741+08:00  INFO 19360 --- [jpa-many-to-one] [restartedMain] org.hibernate.Version                    : HHH000412: Hibernate ORM core version 6.5.3.Final
2024-09-28T15:44:48.759+08:00  INFO 19360 --- [jpa-many-to-one] [restartedMain] o.h.c.internal.RegionFactoryInitiator    : HHH000026: Second-level cache disabled
2024-09-28T15:44:48.920+08:00  INFO 19360 --- [jpa-many-to-one] [restartedMain] o.s.o.j.p.SpringPersistenceUnitInfo      : No LoadTimeWeaver setup: ignoring JPA class transformer
2024-09-28T15:44:48.935+08:00  INFO 19360 --- [jpa-many-to-one] [restartedMain] com.zaxxer.hikari.HikariDataSource       : HikariPool-1 - Starting...
2024-09-28T15:44:49.101+08:00  INFO 19360 --- [jpa-many-to-one] [restartedMain] com.zaxxer.hikari.pool.HikariPool        : HikariPool-1 - Added connection com.mysql.cj.jdbc.ConnectionImpl@2cba750e
2024-09-28T15:44:49.102+08:00  INFO 19360 --- [jpa-many-to-one] [restartedMain] com.zaxxer.hikari.HikariDataSource       : HikariPool-1 - Start completed.
2024-09-28T15:44:49.573+08:00  INFO 19360 --- [jpa-many-to-one] [restartedMain] o.h.e.t.j.p.i.JtaPlatformInitiator       : HHH000489: No JTA platform available (set 'hibernate.transaction.jta.platform' to enable JTA platform integration)
2024-09-28T15:44:49.607+08:00  INFO 19360 --- [jpa-many-to-one] [restartedMain] j.LocalContainerEntityManagerFactoryBean : Initialized JPA EntityManagerFactory for persistence unit 'default'
2024-09-28T15:44:49.969+08:00  INFO 19360 --- [jpa-many-to-one] [restartedMain] o.s.b.d.a.OptionalLiveReloadServer       : LiveReload server is running on port 35729
2024-09-28T15:44:49.987+08:00  INFO 19360 --- [jpa-many-to-one] [restartedMain] o.s.b.w.embedded.tomcat.TomcatWebServer  : Tomcat started on port 8080 (http) with context path '/'
2024-09-28T15:44:49.995+08:00  INFO 19360 --- [jpa-many-to-one] [restartedMain] c.e.j.JpaManyToOneApplication            : Started JpaManyToOneApplication in 2.32 seconds (process running for 2.507)
2024-09-28T15:44:55.968+08:00  INFO 19360 --- [jpa-many-to-one] [http-nio-8080-exec-1] o.a.c.c.C.[Tomcat].[localhost].[/]       : Initializing Spring DispatcherServlet 'dispatcherServlet'
2024-09-28T15:44:55.968+08:00  INFO 19360 --- [jpa-many-to-one] [http-nio-8080-exec-1] o.s.web.servlet.DispatcherServlet        : Initializing Servlet 'dispatcherServlet'
2024-09-28T15:44:55.969+08:00  INFO 19360 --- [jpa-many-to-one] [http-nio-8080-exec-1] o.s.web.servlet.DispatcherServlet        : Completed initialization in 1 ms
2024-09-28T15:45:28.232+08:00  INFO 19360 --- [jpa-many-to-one] [SpringApplicationShutdownHook] j.LocalContainerEntityManagerFactoryBean : Closing JPA EntityManagerFactory for persistence unit 'default'
2024-09-28T15:45:28.234+08:00  INFO 19360 --- [jpa-many-to-one] [SpringApplicationShutdownHook] com.zaxxer.hikari.HikariDataSource       : HikariPool-1 - Shutdown initiated...
2024-09-28T15:45:28.239+08:00  INFO 19360 --- [jpa-many-to-one] [SpringApplicationShutdownHook] com.zaxxer.hikari.HikariDataSource       : HikariPool-1 - Shutdown completed.
2024-09-28T15:45:42.142+08:00  INFO 20244 --- [jpa-many-to-one] [restartedMain] c.e.j.JpaManyToOneApplication            : Starting JpaManyToOneApplication using Java 17.0.12 with PID 20244 (/home/berlin/Programing/SpringBoot/jpa-many-to-one/build/classes/java/main started by berlin in /home/berlin/Programing/SpringBoot/jpa-many-to-one)
2024-09-28T15:45:42.143+08:00  INFO 20244 --- [jpa-many-to-one] [restartedMain] c.e.j.JpaManyToOneApplication            : No active profile set, falling back to 1 default profile: "default"
2024-09-28T15:45:42.162+08:00  INFO 20244 --- [jpa-many-to-one] [restartedMain] .e.DevToolsPropertyDefaultsPostProcessor : Devtools property defaults active! Set 'spring.devtools.add-properties' to 'false' to disable
2024-09-28T15:45:42.162+08:00  INFO 20244 --- [jpa-many-to-one] [restartedMain] .e.DevToolsPropertyDefaultsPostProcessor : For additional web related logging consider setting the 'logging.level.web' property to 'DEBUG'
2024-09-28T15:45:42.392+08:00  INFO 20244 --- [jpa-many-to-one] [restartedMain] .s.d.r.c.RepositoryConfigurationDelegate : Bootstrapping Spring Data JPA repositories in DEFAULT mode.
2024-09-28T15:45:42.412+08:00  INFO 20244 --- [jpa-many-to-one] [restartedMain] .s.d.r.c.RepositoryConfigurationDelegate : Finished Spring Data repository scanning in 17 ms. Found 2 JPA repository interfaces.
2024-09-28T15:45:42.628+08:00  INFO 20244 --- [jpa-many-to-one] [restartedMain] o.s.b.w.embedded.tomcat.TomcatWebServer  : Tomcat initialized with port 8080 (http)
2024-09-28T15:45:42.634+08:00  INFO 20244 --- [jpa-many-to-one] [restartedMain] o.apache.catalina.core.StandardService   : Starting service [Tomcat]
2024-09-28T15:45:42.634+08:00  INFO 20244 --- [jpa-many-to-one] [restartedMain] o.apache.catalina.core.StandardEngine    : Starting Servlet engine: [Apache Tomcat/10.1.30]
2024-09-28T15:45:42.652+08:00  INFO 20244 --- [jpa-many-to-one] [restartedMain] o.a.c.c.C.[Tomcat].[localhost].[/]       : Initializing Spring embedded WebApplicationContext
2024-09-28T15:45:42.653+08:00  INFO 20244 --- [jpa-many-to-one] [restartedMain] w.s.c.ServletWebServerApplicationContext : Root WebApplicationContext: initialization completed in 491 ms
2024-09-28T15:45:42.715+08:00  INFO 20244 --- [jpa-many-to-one] [restartedMain] o.hibernate.jpa.internal.util.LogHelper  : HHH000204: Processing PersistenceUnitInfo [name: default]
2024-09-28T15:45:42.735+08:00  INFO 20244 --- [jpa-many-to-one] [restartedMain] org.hibernate.Version                    : HHH000412: Hibernate ORM core version 6.5.3.Final
2024-09-28T15:45:42.751+08:00  INFO 20244 --- [jpa-many-to-one] [restartedMain] o.h.c.internal.RegionFactoryInitiator    : HHH000026: Second-level cache disabled
2024-09-28T15:45:42.867+08:00  INFO 20244 --- [jpa-many-to-one] [restartedMain] o.s.o.j.p.SpringPersistenceUnitInfo      : No LoadTimeWeaver setup: ignoring JPA class transformer
2024-09-28T15:45:42.878+08:00  INFO 20244 --- [jpa-many-to-one] [restartedMain] com.zaxxer.hikari.HikariDataSource       : HikariPool-1 - Starting...
2024-09-28T15:45:43.006+08:00  INFO 20244 --- [jpa-many-to-one] [restartedMain] com.zaxxer.hikari.pool.HikariPool        : HikariPool-1 - Added connection com.mysql.cj.jdbc.ConnectionImpl@31fe0fec
2024-09-28T15:45:43.007+08:00  INFO 20244 --- [jpa-many-to-one] [restartedMain] com.zaxxer.hikari.HikariDataSource       : HikariPool-1 - Start completed.
2024-09-28T15:45:43.409+08:00  INFO 20244 --- [jpa-many-to-one] [restartedMain] o.h.e.t.j.p.i.JtaPlatformInitiator       : HHH000489: No JTA platform available (set 'hibernate.transaction.jta.platform' to enable JTA platform integration)
2024-09-28T15:45:43.438+08:00  INFO 20244 --- [jpa-many-to-one] [restartedMain] j.LocalContainerEntityManagerFactoryBean : Initialized JPA EntityManagerFactory for persistence unit 'default'
2024-09-28T15:45:43.669+08:00  INFO 20244 --- [jpa-many-to-one] [restartedMain] o.s.b.d.a.OptionalLiveReloadServer       : LiveReload server is running on port 35729
2024-09-28T15:45:43.685+08:00  INFO 20244 --- [jpa-many-to-one] [restartedMain] o.s.b.w.embedded.tomcat.TomcatWebServer  : Tomcat started on port 8080 (http) with context path '/'
2024-09-28T15:45:43.691+08:00  INFO 20244 --- [jpa-many-to-one] [restartedMain] c.e.j.JpaManyToOneApplication            : Started JpaManyToOneApplication in 1.734 seconds (process running for 1.919)
2024-09-28T15:45:51.165+08:00  INFO 20244 --- [jpa-many-to-one] [http-nio-8080-exec-1] o.a.c.c.C.[Tomcat].[localhost].[/]       : Initializing Spring DispatcherServlet 'dispatcherServlet'
2024-09-28T15:45:51.165+08:00  INFO 20244 --- [jpa-many-to-one] [http-nio-8080-exec-1] o.s.web.servlet.DispatcherServlet        : Initializing Servlet 'dispatcherServlet'
2024-09-28T15:45:51.166+08:00  INFO 20244 --- [jpa-many-to-one] [http-nio-8080-exec-1] o.s.web.servlet.DispatcherServlet        : Completed initialization in 1 ms
2024-09-28T15:49:40.325+08:00  INFO 20244 --- [jpa-many-to-one] [SpringApplicationShutdownHook] j.LocalContainerEntityManagerFactoryBean : Closing JPA EntityManagerFactory for persistence unit 'default'
2024-09-28T15:49:40.330+08:00  INFO 20244 --- [jpa-many-to-one] [SpringApplicationShutdownHook] com.zaxxer.hikari.HikariDataSource       : HikariPool-1 - Shutdown initiated...
2024-09-28T15:49:40.336+08:00  INFO 20244 --- [jpa-many-to-one] [SpringApplicationShutdownHook] com.zaxxer.hikari.HikariDataSource       : HikariPool-1 - Shutdown completed.
2024-09-28T15:49:44.389+08:00  INFO 22479 --- [jpa-many-to-one] [restartedMain] c.e.j.JpaManyToOneApplication            : Starting JpaManyToOneApplication using Java 17.0.12 with PID 22479 (/home/berlin/Programing/SpringBoot/jpa-many-to-one/build/classes/java/main started by berlin in /home/berlin/Programing/SpringBoot/jpa-many-to-one)
2024-09-28T15:49:44.391+08:00  INFO 22479 --- [jpa-many-to-one] [restartedMain] c.e.j.JpaManyToOneApplication            : No active profile set, falling back to 1 default profile: "default"
2024-09-28T15:49:44.410+08:00  INFO 22479 --- [jpa-many-to-one] [restartedMain] .e.DevToolsPropertyDefaultsPostProcessor : Devtools property defaults active! Set 'spring.devtools.add-properties' to 'false' to disable
2024-09-28T15:49:44.410+08:00  INFO 22479 --- [jpa-many-to-one] [restartedMain] .e.DevToolsPropertyDefaultsPostProcessor : For additional web related logging consider setting the 'logging.level.web' property to 'DEBUG'
2024-09-28T15:49:44.637+08:00  INFO 22479 --- [jpa-many-to-one] [restartedMain] .s.d.r.c.RepositoryConfigurationDelegate : Bootstrapping Spring Data JPA repositories in DEFAULT mode.
2024-09-28T15:49:44.657+08:00  INFO 22479 --- [jpa-many-to-one] [restartedMain] .s.d.r.c.RepositoryConfigurationDelegate : Finished Spring Data repository scanning in 17 ms. Found 2 JPA repository interfaces.
2024-09-28T15:49:44.876+08:00  INFO 22479 --- [jpa-many-to-one] [restartedMain] o.s.b.w.embedded.tomcat.TomcatWebServer  : Tomcat initialized with port 8080 (http)
2024-09-28T15:49:44.882+08:00  INFO 22479 --- [jpa-many-to-one] [restartedMain] o.apache.catalina.core.StandardService   : Starting service [Tomcat]
2024-09-28T15:49:44.882+08:00  INFO 22479 --- [jpa-many-to-one] [restartedMain] o.apache.catalina.core.StandardEngine    : Starting Servlet engine: [Apache Tomcat/10.1.30]
2024-09-28T15:49:44.901+08:00  INFO 22479 --- [jpa-many-to-one] [restartedMain] o.a.c.c.C.[Tomcat].[localhost].[/]       : Initializing Spring embedded WebApplicationContext
2024-09-28T15:49:44.901+08:00  INFO 22479 --- [jpa-many-to-one] [restartedMain] w.s.c.ServletWebServerApplicationContext : Root WebApplicationContext: initialization completed in 491 ms
2024-09-28T15:49:44.964+08:00  INFO 22479 --- [jpa-many-to-one] [restartedMain] o.hibernate.jpa.internal.util.LogHelper  : HHH000204: Processing PersistenceUnitInfo [name: default]
2024-09-28T15:49:44.984+08:00  INFO 22479 --- [jpa-many-to-one] [restartedMain] org.hibernate.Version                    : HHH000412: Hibernate ORM core version 6.5.3.Final
2024-09-28T15:49:44.997+08:00  INFO 22479 --- [jpa-many-to-one] [restartedMain] o.h.c.internal.RegionFactoryInitiator    : HHH000026: Second-level cache disabled
2024-09-28T15:49:45.115+08:00  INFO 22479 --- [jpa-many-to-one] [restartedMain] o.s.o.j.p.SpringPersistenceUnitInfo      : No LoadTimeWeaver setup: ignoring JPA class transformer
2024-09-28T15:49:45.126+08:00  INFO 22479 --- [jpa-many-to-one] [restartedMain] com.zaxxer.hikari.HikariDataSource       : HikariPool-1 - Starting...
2024-09-28T15:49:45.257+08:00  INFO 22479 --- [jpa-many-to-one] [restartedMain] com.zaxxer.hikari.pool.HikariPool        : HikariPool-1 - Added connection com.mysql.cj.jdbc.ConnectionImpl@1975600c
2024-09-28T15:49:45.258+08:00  INFO 22479 --- [jpa-many-to-one] [restartedMain] com.zaxxer.hikari.HikariDataSource       : HikariPool-1 - Start completed.
2024-09-28T15:49:45.670+08:00  INFO 22479 --- [jpa-many-to-one] [restartedMain] o.h.e.t.j.p.i.JtaPlatformInitiator       : HHH000489: No JTA platform available (set 'hibernate.transaction.jta.platform' to enable JTA platform integration)
2024-09-28T15:49:45.700+08:00  INFO 22479 --- [jpa-many-to-one] [restartedMain] j.LocalContainerEntityManagerFactoryBean : Initialized JPA EntityManagerFactory for persistence unit 'default'
2024-09-28T15:49:45.951+08:00  INFO 22479 --- [jpa-many-to-one] [restartedMain] o.s.b.d.a.OptionalLiveReloadServer       : LiveReload server is running on port 35729
2024-09-28T15:49:45.964+08:00  INFO 22479 --- [jpa-many-to-one] [restartedMain] o.s.b.w.embedded.tomcat.TomcatWebServer  : Tomcat started on port 8080 (http) with context path '/'
2024-09-28T15:49:45.969+08:00  INFO 22479 --- [jpa-many-to-one] [restartedMain] c.e.j.JpaManyToOneApplication            : Started JpaManyToOneApplication in 1.763 seconds (process running for 1.934)
2024-09-28T15:50:27.201+08:00  INFO 22479 --- [jpa-many-to-one] [http-nio-8080-exec-1] o.a.c.c.C.[Tomcat].[localhost].[/]       : Initializing Spring DispatcherServlet 'dispatcherServlet'
2024-09-28T15:50:27.201+08:00  INFO 22479 --- [jpa-many-to-one] [http-nio-8080-exec-1] o.s.web.servlet.DispatcherServlet        : Initializing Servlet 'dispatcherServlet'
2024-09-28T15:50:27.202+08:00  INFO 22479 --- [jpa-many-to-one] [http-nio-8080-exec-1] o.s.web.servlet.DispatcherServlet        : Completed initialization in 1 ms
2024-09-28T15:53:22.932+08:00  INFO 22479 --- [jpa-many-to-one] [SpringApplicationShutdownHook] j.LocalContainerEntityManagerFactoryBean : Closing JPA EntityManagerFactory for persistence unit 'default'
2024-09-28T15:53:22.936+08:00  INFO 22479 --- [jpa-many-to-one] [SpringApplicationShutdownHook] com.zaxxer.hikari.HikariDataSource       : HikariPool-1 - Shutdown initiated...
2024-09-28T15:53:22.941+08:00  INFO 22479 --- [jpa-many-to-one] [SpringApplicationShutdownHook] com.zaxxer.hikari.HikariDataSource       : HikariPool-1 - Shutdown completed.
2024-09-28T15:53:28.227+08:00  INFO 24635 --- [jpa-many-to-one] [restartedMain] c.e.j.JpaManyToOneApplication            : Starting JpaManyToOneApplication using Java 17.0.12 with PID 24635 (/home/berlin/Programing/SpringBoot/jpa-many-to-one/build/classes/java/main started by berlin in /home/berlin/Programing/SpringBoot/jpa-many-to-one)
2024-09-28T15:53:28.229+08:00  INFO 24635 --- [jpa-many-to-one] [restartedMain] c.e.j.JpaManyToOneApplication            : No active profile set, falling back to 1 default profile: "default"
2024-09-28T15:53:28.248+08:00  INFO 24635 --- [jpa-many-to-one] [restartedMain] .e.DevToolsPropertyDefaultsPostProcessor : Devtools property defaults active! Set 'spring.devtools.add-properties' to 'false' to disable
2024-09-28T15:53:28.248+08:00  INFO 24635 --- [jpa-many-to-one] [restartedMain] .e.DevToolsPropertyDefaultsPostProcessor : For additional web related logging consider setting the 'logging.level.web' property to 'DEBUG'
2024-09-28T15:53:28.477+08:00  INFO 24635 --- [jpa-many-to-one] [restartedMain] .s.d.r.c.RepositoryConfigurationDelegate : Bootstrapping Spring Data JPA repositories in DEFAULT mode.
2024-09-28T15:53:28.498+08:00  INFO 24635 --- [jpa-many-to-one] [restartedMain] .s.d.r.c.RepositoryConfigurationDelegate : Finished Spring Data repository scanning in 18 ms. Found 2 JPA repository interfaces.
2024-09-28T15:53:28.715+08:00  INFO 24635 --- [jpa-many-to-one] [restartedMain] o.s.b.w.embedded.tomcat.TomcatWebServer  : Tomcat initialized with port 8080 (http)
2024-09-28T15:53:28.721+08:00  INFO 24635 --- [jpa-many-to-one] [restartedMain] o.apache.catalina.core.StandardService   : Starting service [Tomcat]
2024-09-28T15:53:28.721+08:00  INFO 24635 --- [jpa-many-to-one] [restartedMain] o.apache.catalina.core.StandardEngine    : Starting Servlet engine: [Apache Tomcat/10.1.30]
2024-09-28T15:53:28.740+08:00  INFO 24635 --- [jpa-many-to-one] [restartedMain] o.a.c.c.C.[Tomcat].[localhost].[/]       : Initializing Spring embedded WebApplicationContext
2024-09-28T15:53:28.740+08:00  INFO 24635 --- [jpa-many-to-one] [restartedMain] w.s.c.ServletWebServerApplicationContext : Root WebApplicationContext: initialization completed in 491 ms
2024-09-28T15:53:28.803+08:00  INFO 24635 --- [jpa-many-to-one] [restartedMain] o.hibernate.jpa.internal.util.LogHelper  : HHH000204: Processing PersistenceUnitInfo [name: default]
2024-09-28T15:53:28.823+08:00  INFO 24635 --- [jpa-many-to-one] [restartedMain] org.hibernate.Version                    : HHH000412: Hibernate ORM core version 6.5.3.Final
2024-09-28T15:53:28.836+08:00  INFO 24635 --- [jpa-many-to-one] [restartedMain] o.h.c.internal.RegionFactoryInitiator    : HHH000026: Second-level cache disabled
2024-09-28T15:53:28.956+08:00  INFO 24635 --- [jpa-many-to-one] [restartedMain] o.s.o.j.p.SpringPersistenceUnitInfo      : No LoadTimeWeaver setup: ignoring JPA class transformer
2024-09-28T15:53:28.968+08:00  INFO 24635 --- [jpa-many-to-one] [restartedMain] com.zaxxer.hikari.HikariDataSource       : HikariPool-1 - Starting...
2024-09-28T15:53:29.096+08:00  INFO 24635 --- [jpa-many-to-one] [restartedMain] com.zaxxer.hikari.pool.HikariPool        : HikariPool-1 - Added connection com.mysql.cj.jdbc.ConnectionImpl@551483d8
2024-09-28T15:53:29.097+08:00  INFO 24635 --- [jpa-many-to-one] [restartedMain] com.zaxxer.hikari.HikariDataSource       : HikariPool-1 - Start completed.
2024-09-28T15:53:29.504+08:00  INFO 24635 --- [jpa-many-to-one] [restartedMain] o.h.e.t.j.p.i.JtaPlatformInitiator       : HHH000489: No JTA platform available (set 'hibernate.transaction.jta.platform' to enable JTA platform integration)
2024-09-28T15:53:29.533+08:00  INFO 24635 --- [jpa-many-to-one] [restartedMain] j.LocalContainerEntityManagerFactoryBean : Initialized JPA EntityManagerFactory for persistence unit 'default'
2024-09-28T15:53:29.763+08:00  INFO 24635 --- [jpa-many-to-one] [restartedMain] o.s.b.d.a.OptionalLiveReloadServer       : LiveReload server is running on port 35729
2024-09-28T15:53:29.779+08:00  INFO 24635 --- [jpa-many-to-one] [restartedMain] o.s.b.w.embedded.tomcat.TomcatWebServer  : Tomcat started on port 8080 (http) with context path '/'
2024-09-28T15:53:29.785+08:00  INFO 24635 --- [jpa-many-to-one] [restartedMain] c.e.j.JpaManyToOneApplication            : Started JpaManyToOneApplication in 1.74 seconds (process running for 1.902)
2024-09-28T15:53:46.698+08:00  INFO 24635 --- [jpa-many-to-one] [http-nio-8080-exec-1] o.a.c.c.C.[Tomcat].[localhost].[/]       : Initializing Spring DispatcherServlet 'dispatcherServlet'
2024-09-28T15:53:46.698+08:00  INFO 24635 --- [jpa-many-to-one] [http-nio-8080-exec-1] o.s.web.servlet.DispatcherServlet        : Initializing Servlet 'dispatcherServlet'
2024-09-28T15:53:46.699+08:00  INFO 24635 --- [jpa-many-to-one] [http-nio-8080-exec-1] o.s.web.servlet.DispatcherServlet        : Completed initialization in 1 ms
2024-09-28T16:03:19.827+08:00  INFO 24635 --- [jpa-many-to-one] [SpringApplicationShutdownHook] j.LocalContainerEntityManagerFactoryBean : Closing JPA EntityManagerFactory for persistence unit 'default'
2024-09-28T16:03:19.832+08:00  INFO 24635 --- [jpa-many-to-one] [SpringApplicationShutdownHook] com.zaxxer.hikari.HikariDataSource       : HikariPool-1 - Shutdown initiated...
2024-09-28T16:03:19.840+08:00  INFO 24635 --- [jpa-many-to-one] [SpringApplicationShutdownHook] com.zaxxer.hikari.HikariDataSource       : HikariPool-1 - Shutdown completed.
2024-09-28T16:03:30.874+08:00  INFO 29219 --- [jpa-many-to-one] [restartedMain] c.e.j.JpaManyToOneApplication            : Starting JpaManyToOneApplication using Java 17.0.12 with PID 29219 (/home/berlin/Programing/SpringBoot/jpa-many-to-one/build/classes/java/main started by berlin in /home/berlin/Programing/SpringBoot/jpa-many-to-one)
2024-09-28T16:03:30.876+08:00  INFO 29219 --- [jpa-many-to-one] [restartedMain] c.e.j.JpaManyToOneApplication            : No active profile set, falling back to 1 default profile: "default"
2024-09-28T16:03:30.896+08:00  INFO 29219 --- [jpa-many-to-one] [restartedMain] .e.DevToolsPropertyDefaultsPostProcessor : Devtools property defaults active! Set 'spring.devtools.add-properties' to 'false' to disable
2024-09-28T16:03:30.896+08:00  INFO 29219 --- [jpa-many-to-one] [restartedMain] .e.DevToolsPropertyDefaultsPostProcessor : For additional web related logging consider setting the 'logging.level.web' property to 'DEBUG'
2024-09-28T16:03:31.142+08:00  INFO 29219 --- [jpa-many-to-one] [restartedMain] .s.d.r.c.RepositoryConfigurationDelegate : Bootstrapping Spring Data JPA repositories in DEFAULT mode.
2024-09-28T16:03:31.163+08:00  INFO 29219 --- [jpa-many-to-one] [restartedMain] .s.d.r.c.RepositoryConfigurationDelegate : Finished Spring Data repository scanning in 17 ms. Found 2 JPA repository interfaces.
2024-09-28T16:03:31.391+08:00  INFO 29219 --- [jpa-many-to-one] [restartedMain] o.s.b.w.embedded.tomcat.TomcatWebServer  : Tomcat initialized with port 8080 (http)
2024-09-28T16:03:31.398+08:00  INFO 29219 --- [jpa-many-to-one] [restartedMain] o.apache.catalina.core.StandardService   : Starting service [Tomcat]
2024-09-28T16:03:31.398+08:00  INFO 29219 --- [jpa-many-to-one] [restartedMain] o.apache.catalina.core.StandardEngine    : Starting Servlet engine: [Apache Tomcat/10.1.30]
2024-09-28T16:03:31.419+08:00  INFO 29219 --- [jpa-many-to-one] [restartedMain] o.a.c.c.C.[Tomcat].[localhost].[/]       : Initializing Spring embedded WebApplicationContext
2024-09-28T16:03:31.419+08:00  INFO 29219 --- [jpa-many-to-one] [restartedMain] w.s.c.ServletWebServerApplicationContext : Root WebApplicationContext: initialization completed in 522 ms
2024-09-28T16:03:31.485+08:00  INFO 29219 --- [jpa-many-to-one] [restartedMain] o.hibernate.jpa.internal.util.LogHelper  : HHH000204: Processing PersistenceUnitInfo [name: default]
2024-09-28T16:03:31.505+08:00  INFO 29219 --- [jpa-many-to-one] [restartedMain] org.hibernate.Version                    : HHH000412: Hibernate ORM core version 6.5.3.Final
2024-09-28T16:03:31.522+08:00  INFO 29219 --- [jpa-many-to-one] [restartedMain] o.h.c.internal.RegionFactoryInitiator    : HHH000026: Second-level cache disabled
2024-09-28T16:03:31.640+08:00  INFO 29219 --- [jpa-many-to-one] [restartedMain] o.s.o.j.p.SpringPersistenceUnitInfo      : No LoadTimeWeaver setup: ignoring JPA class transformer
2024-09-28T16:03:31.651+08:00  INFO 29219 --- [jpa-many-to-one] [restartedMain] com.zaxxer.hikari.HikariDataSource       : HikariPool-1 - Starting...
2024-09-28T16:03:31.788+08:00  INFO 29219 --- [jpa-many-to-one] [restartedMain] com.zaxxer.hikari.pool.HikariPool        : HikariPool-1 - Added connection com.mysql.cj.jdbc.ConnectionImpl@551483d8
2024-09-28T16:03:31.789+08:00  INFO 29219 --- [jpa-many-to-one] [restartedMain] com.zaxxer.hikari.HikariDataSource       : HikariPool-1 - Start completed.
2024-09-28T16:03:32.208+08:00  INFO 29219 --- [jpa-many-to-one] [restartedMain] o.h.e.t.j.p.i.JtaPlatformInitiator       : HHH000489: No JTA platform available (set 'hibernate.transaction.jta.platform' to enable JTA platform integration)
2024-09-28T16:03:32.238+08:00  INFO 29219 --- [jpa-many-to-one] [restartedMain] j.LocalContainerEntityManagerFactoryBean : Initialized JPA EntityManagerFactory for persistence unit 'default'
2024-09-28T16:03:32.484+08:00  INFO 29219 --- [jpa-many-to-one] [restartedMain] o.s.b.d.a.OptionalLiveReloadServer       : LiveReload server is running on port 35729
2024-09-28T16:03:32.497+08:00  INFO 29219 --- [jpa-many-to-one] [restartedMain] o.s.b.w.embedded.tomcat.TomcatWebServer  : Tomcat started on port 8080 (http) with context path '/'
2024-09-28T16:03:32.503+08:00  INFO 29219 --- [jpa-many-to-one] [restartedMain] c.e.j.JpaManyToOneApplication            : Started JpaManyToOneApplication in 1.814 seconds (process running for 1.977)
2024-09-28T16:03:37.768+08:00  INFO 29219 --- [jpa-many-to-one] [http-nio-8080-exec-1] o.a.c.c.C.[Tomcat].[localhost].[/]       : Initializing Spring DispatcherServlet 'dispatcherServlet'
2024-09-28T16:03:37.769+08:00  INFO 29219 --- [jpa-many-to-one] [http-nio-8080-exec-1] o.s.web.servlet.DispatcherServlet        : Initializing Servlet 'dispatcherServlet'
2024-09-28T16:03:37.769+08:00  INFO 29219 --- [jpa-many-to-one] [http-nio-8080-exec-1] o.s.web.servlet.DispatcherServlet        : Completed initialization in 0 ms
2024-09-28T16:10:52.719+08:00  INFO 29219 --- [jpa-many-to-one] [SpringApplicationShutdownHook] j.LocalContainerEntityManagerFactoryBean : Closing JPA EntityManagerFactory for persistence unit 'default'
2024-09-28T16:10:52.723+08:00  INFO 29219 --- [jpa-many-to-one] [SpringApplicationShutdownHook] com.zaxxer.hikari.HikariDataSource       : HikariPool-1 - Shutdown initiated...
2024-09-28T16:10:52.728+08:00  INFO 29219 --- [jpa-many-to-one] [SpringApplicationShutdownHook] com.zaxxer.hikari.HikariDataSource       : HikariPool-1 - Shutdown completed.
2024-09-28T16:10:59.099+08:00  INFO 32674 --- [jpa-many-to-one] [restartedMain] c.e.j.JpaManyToOneApplication            : Starting JpaManyToOneApplication using Java 17.0.12 with PID 32674 (/home/berlin/Programing/SpringBoot/jpa-many-to-one/build/classes/java/main started by berlin in /home/berlin/Programing/SpringBoot/jpa-many-to-one)
2024-09-28T16:10:59.101+08:00  INFO 32674 --- [jpa-many-to-one] [restartedMain] c.e.j.JpaManyToOneApplication            : No active profile set, falling back to 1 default profile: "default"
2024-09-28T16:10:59.119+08:00  INFO 32674 --- [jpa-many-to-one] [restartedMain] .e.DevToolsPropertyDefaultsPostProcessor : Devtools property defaults active! Set 'spring.devtools.add-properties' to 'false' to disable
2024-09-28T16:10:59.119+08:00  INFO 32674 --- [jpa-many-to-one] [restartedMain] .e.DevToolsPropertyDefaultsPostProcessor : For additional web related logging consider setting the 'logging.level.web' property to 'DEBUG'
2024-09-28T16:10:59.345+08:00  INFO 32674 --- [jpa-many-to-one] [restartedMain] .s.d.r.c.RepositoryConfigurationDelegate : Bootstrapping Spring Data JPA repositories in DEFAULT mode.
2024-09-28T16:10:59.365+08:00  INFO 32674 --- [jpa-many-to-one] [restartedMain] .s.d.r.c.RepositoryConfigurationDelegate : Finished Spring Data repository scanning in 17 ms. Found 2 JPA repository interfaces.
2024-09-28T16:10:59.581+08:00  INFO 32674 --- [jpa-many-to-one] [restartedMain] o.s.b.w.embedded.tomcat.TomcatWebServer  : Tomcat initialized with port 8080 (http)
2024-09-28T16:10:59.587+08:00  INFO 32674 --- [jpa-many-to-one] [restartedMain] o.apache.catalina.core.StandardService   : Starting service [Tomcat]
2024-09-28T16:10:59.588+08:00  INFO 32674 --- [jpa-many-to-one] [restartedMain] o.apache.catalina.core.StandardEngine    : Starting Servlet engine: [Apache Tomcat/10.1.30]
2024-09-28T16:10:59.607+08:00  INFO 32674 --- [jpa-many-to-one] [restartedMain] o.a.c.c.C.[Tomcat].[localhost].[/]       : Initializing Spring embedded WebApplicationContext
2024-09-28T16:10:59.607+08:00  INFO 32674 --- [jpa-many-to-one] [restartedMain] w.s.c.ServletWebServerApplicationContext : Root WebApplicationContext: initialization completed in 487 ms
2024-09-28T16:10:59.671+08:00  INFO 32674 --- [jpa-many-to-one] [restartedMain] o.hibernate.jpa.internal.util.LogHelper  : HHH000204: Processing PersistenceUnitInfo [name: default]
2024-09-28T16:10:59.691+08:00  INFO 32674 --- [jpa-many-to-one] [restartedMain] org.hibernate.Version                    : HHH000412: Hibernate ORM core version 6.5.3.Final
2024-09-28T16:10:59.708+08:00  INFO 32674 --- [jpa-many-to-one] [restartedMain] o.h.c.internal.RegionFactoryInitiator    : HHH000026: Second-level cache disabled
2024-09-28T16:10:59.827+08:00  INFO 32674 --- [jpa-many-to-one] [restartedMain] o.s.o.j.p.SpringPersistenceUnitInfo      : No LoadTimeWeaver setup: ignoring JPA class transformer
2024-09-28T16:10:59.838+08:00  INFO 32674 --- [jpa-many-to-one] [restartedMain] com.zaxxer.hikari.HikariDataSource       : HikariPool-1 - Starting...
2024-09-28T16:10:59.968+08:00  INFO 32674 --- [jpa-many-to-one] [restartedMain] com.zaxxer.hikari.pool.HikariPool        : HikariPool-1 - Added connection com.mysql.cj.jdbc.ConnectionImpl@6e25a074
2024-09-28T16:10:59.969+08:00  INFO 32674 --- [jpa-many-to-one] [restartedMain] com.zaxxer.hikari.HikariDataSource       : HikariPool-1 - Start completed.
2024-09-28T16:11:00.377+08:00  INFO 32674 --- [jpa-many-to-one] [restartedMain] o.h.e.t.j.p.i.JtaPlatformInitiator       : HHH000489: No JTA platform available (set 'hibernate.transaction.jta.platform' to enable JTA platform integration)
2024-09-28T16:11:00.406+08:00  INFO 32674 --- [jpa-many-to-one] [restartedMain] j.LocalContainerEntityManagerFactoryBean : Initialized JPA EntityManagerFactory for persistence unit 'default'
2024-09-28T16:11:00.645+08:00  INFO 32674 --- [jpa-many-to-one] [restartedMain] o.s.b.d.a.OptionalLiveReloadServer       : LiveReload server is running on port 35729
2024-09-28T16:11:00.657+08:00  INFO 32674 --- [jpa-many-to-one] [restartedMain] o.s.b.w.embedded.tomcat.TomcatWebServer  : Tomcat started on port 8080 (http) with context path '/'
2024-09-28T16:11:00.663+08:00  INFO 32674 --- [jpa-many-to-one] [restartedMain] c.e.j.JpaManyToOneApplication            : Started JpaManyToOneApplication in 1.745 seconds (process running for 1.901)
2024-09-28T16:11:23.736+08:00  INFO 32674 --- [jpa-many-to-one] [http-nio-8080-exec-1] o.a.c.c.C.[Tomcat].[localhost].[/]       : Initializing Spring DispatcherServlet 'dispatcherServlet'
2024-09-28T16:11:23.737+08:00  INFO 32674 --- [jpa-many-to-one] [http-nio-8080-exec-1] o.s.web.servlet.DispatcherServlet        : Initializing Servlet 'dispatcherServlet'
2024-09-28T16:11:23.737+08:00  INFO 32674 --- [jpa-many-to-one] [http-nio-8080-exec-1] o.s.web.servlet.DispatcherServlet        : Completed initialization in 0 ms
2024-09-28T16:11:23.814+08:00 ERROR 32674 --- [jpa-many-to-one] [http-nio-8080-exec-1] o.a.c.c.C.[.[.[/].[dispatcherServlet]    : Servlet.service() for servlet [dispatcherServlet] in context with path [] threw exception [Request processing failed: org.hibernate.LazyInitializationException: failed to lazily initialize a collection of role: com.example.jpa_many_to_one.entity.Author.books: could not initialize proxy - no Session] with root cause

org.hibernate.LazyInitializationException: failed to lazily initialize a collection of role: com.example.jpa_many_to_one.entity.Author.books: could not initialize proxy - no Session
	at org.hibernate.collection.spi.AbstractPersistentCollection.throwLazyInitializationException(AbstractPersistentCollection.java:636) ~[hibernate-core-6.5.3.Final.jar:6.5.3.Final]
	at org.hibernate.collection.spi.AbstractPersistentCollection.withTemporarySessionIfNeeded(AbstractPersistentCollection.java:219) ~[hibernate-core-6.5.3.Final.jar:6.5.3.Final]
	at org.hibernate.collection.spi.AbstractPersistentCollection.initialize(AbstractPersistentCollection.java:615) ~[hibernate-core-6.5.3.Final.jar:6.5.3.Final]
	at org.hibernate.collection.spi.AbstractPersistentCollection.read(AbstractPersistentCollection.java:138) ~[hibernate-core-6.5.3.Final.jar:6.5.3.Final]
	at org.hibernate.collection.spi.PersistentBag.iterator(PersistentBag.java:369) ~[hibernate-core-6.5.3.Final.jar:6.5.3.Final]
	at java.base/java.util.Spliterators$IteratorSpliterator.estimateSize(Spliterators.java:1865) ~[na:na]
	at java.base/java.util.Spliterator.getExactSizeIfKnown(Spliterator.java:414) ~[na:na]
	at java.base/java.util.stream.AbstractPipeline.copyInto(AbstractPipeline.java:508) ~[na:na]
	at java.base/java.util.stream.AbstractPipeline.wrapAndCopyInto(AbstractPipeline.java:499) ~[na:na]
	at java.base/java.util.stream.ReduceOps$ReduceOp.evaluateSequential(ReduceOps.java:921) ~[na:na]
	at java.base/java.util.stream.AbstractPipeline.evaluate(AbstractPipeline.java:234) ~[na:na]
	at java.base/java.util.stream.ReferencePipeline.collect(ReferencePipeline.java:682) ~[na:na]
	at com.example.jpa_many_to_one.entity.AuthorDTO.<init>(AuthorDTO.java:32) ~[main/:na]
	at com.example.jpa_many_to_one.controller.AuthorController.lambda$getAllAuthors$0(AuthorController.java:55) ~[main/:na]
	at java.base/java.util.stream.ReferencePipeline$3$1.accept(ReferencePipeline.java:197) ~[na:na]
	at java.base/java.util.ArrayList$ArrayListSpliterator.forEachRemaining(ArrayList.java:1625) ~[na:na]
	at java.base/java.util.stream.AbstractPipeline.copyInto(AbstractPipeline.java:509) ~[na:na]
	at java.base/java.util.stream.AbstractPipeline.wrapAndCopyInto(AbstractPipeline.java:499) ~[na:na]
	at java.base/java.util.stream.ReduceOps$ReduceOp.evaluateSequential(ReduceOps.java:921) ~[na:na]
	at java.base/java.util.stream.AbstractPipeline.evaluate(AbstractPipeline.java:234) ~[na:na]
	at java.base/java.util.stream.ReferencePipeline.collect(ReferencePipeline.java:682) ~[na:na]
	at com.example.jpa_many_to_one.controller.AuthorController.getAllAuthors(AuthorController.java:56) ~[main/:na]
	at java.base/jdk.internal.reflect.NativeMethodAccessorImpl.invoke0(Native Method) ~[na:na]
	at java.base/jdk.internal.reflect.NativeMethodAccessorImpl.invoke(NativeMethodAccessorImpl.java:77) ~[na:na]
	at java.base/jdk.internal.reflect.DelegatingMethodAccessorImpl.invoke(DelegatingMethodAccessorImpl.java:43) ~[na:na]
	at java.base/java.lang.reflect.Method.invoke(Method.java:569) ~[na:na]
	at org.springframework.web.method.support.InvocableHandlerMethod.doInvoke(InvocableHandlerMethod.java:255) ~[spring-web-6.1.13.jar:6.1.13]
	at org.springframework.web.method.support.InvocableHandlerMethod.invokeForRequest(InvocableHandlerMethod.java:188) ~[spring-web-6.1.13.jar:6.1.13]
	at org.springframework.web.servlet.mvc.method.annotation.ServletInvocableHandlerMethod.invokeAndHandle(ServletInvocableHandlerMethod.java:118) ~[spring-webmvc-6.1.13.jar:6.1.13]
	at org.springframework.web.servlet.mvc.method.annotation.RequestMappingHandlerAdapter.invokeHandlerMethod(RequestMappingHandlerAdapter.java:926) ~[spring-webmvc-6.1.13.jar:6.1.13]
	at org.springframework.web.servlet.mvc.method.annotation.RequestMappingHandlerAdapter.handleInternal(RequestMappingHandlerAdapter.java:831) ~[spring-webmvc-6.1.13.jar:6.1.13]
	at org.springframework.web.servlet.mvc.method.AbstractHandlerMethodAdapter.handle(AbstractHandlerMethodAdapter.java:87) ~[spring-webmvc-6.1.13.jar:6.1.13]
	at org.springframework.web.servlet.DispatcherServlet.doDispatch(DispatcherServlet.java:1089) ~[spring-webmvc-6.1.13.jar:6.1.13]
	at org.springframework.web.servlet.DispatcherServlet.doService(DispatcherServlet.java:979) ~[spring-webmvc-6.1.13.jar:6.1.13]
	at org.springframework.web.servlet.FrameworkServlet.processRequest(FrameworkServlet.java:1014) ~[spring-webmvc-6.1.13.jar:6.1.13]
	at org.springframework.web.servlet.FrameworkServlet.doGet(FrameworkServlet.java:903) ~[spring-webmvc-6.1.13.jar:6.1.13]
	at jakarta.servlet.http.HttpServlet.service(HttpServlet.java:564) ~[tomcat-embed-core-10.1.30.jar:6.0]
	at org.springframework.web.servlet.FrameworkServlet.service(FrameworkServlet.java:885) ~[spring-webmvc-6.1.13.jar:6.1.13]
	at jakarta.servlet.http.HttpServlet.service(HttpServlet.java:658) ~[tomcat-embed-core-10.1.30.jar:6.0]
	at org.apache.catalina.core.ApplicationFilterChain.internalDoFilter(ApplicationFilterChain.java:195) ~[tomcat-embed-core-10.1.30.jar:10.1.30]
	at org.apache.catalina.core.ApplicationFilterChain.doFilter(ApplicationFilterChain.java:140) ~[tomcat-embed-core-10.1.30.jar:10.1.30]
	at org.apache.tomcat.websocket.server.WsFilter.doFilter(WsFilter.java:51) ~[tomcat-embed-websocket-10.1.30.jar:10.1.30]
	at org.apache.catalina.core.ApplicationFilterChain.internalDoFilter(ApplicationFilterChain.java:164) ~[tomcat-embed-core-10.1.30.jar:10.1.30]
	at org.apache.catalina.core.ApplicationFilterChain.doFilter(ApplicationFilterChain.java:140) ~[tomcat-embed-core-10.1.30.jar:10.1.30]
	at org.springframework.web.filter.RequestContextFilter.doFilterInternal(RequestContextFilter.java:100) ~[spring-web-6.1.13.jar:6.1.13]
	at org.springframework.web.filter.OncePerRequestFilter.doFilter(OncePerRequestFilter.java:116) ~[spring-web-6.1.13.jar:6.1.13]
	at org.apache.catalina.core.ApplicationFilterChain.internalDoFilter(ApplicationFilterChain.java:164) ~[tomcat-embed-core-10.1.30.jar:10.1.30]
	at org.apache.catalina.core.ApplicationFilterChain.doFilter(ApplicationFilterChain.java:140) ~[tomcat-embed-core-10.1.30.jar:10.1.30]
	at org.springframework.web.filter.FormContentFilter.doFilterInternal(FormContentFilter.java:93) ~[spring-web-6.1.13.jar:6.1.13]
	at org.springframework.web.filter.OncePerRequestFilter.doFilter(OncePerRequestFilter.java:116) ~[spring-web-6.1.13.jar:6.1.13]
	at org.apache.catalina.core.ApplicationFilterChain.internalDoFilter(ApplicationFilterChain.java:164) ~[tomcat-embed-core-10.1.30.jar:10.1.30]
	at org.apache.catalina.core.ApplicationFilterChain.doFilter(ApplicationFilterChain.java:140) ~[tomcat-embed-core-10.1.30.jar:10.1.30]
	at org.springframework.web.filter.CharacterEncodingFilter.doFilterInternal(CharacterEncodingFilter.java:201) ~[spring-web-6.1.13.jar:6.1.13]
	at org.springframework.web.filter.OncePerRequestFilter.doFilter(OncePerRequestFilter.java:116) ~[spring-web-6.1.13.jar:6.1.13]
	at org.apache.catalina.core.ApplicationFilterChain.internalDoFilter(ApplicationFilterChain.java:164) ~[tomcat-embed-core-10.1.30.jar:10.1.30]
	at org.apache.catalina.core.ApplicationFilterChain.doFilter(ApplicationFilterChain.java:140) ~[tomcat-embed-core-10.1.30.jar:10.1.30]
	at org.apache.catalina.core.StandardWrapperValve.invoke(StandardWrapperValve.java:167) ~[tomcat-embed-core-10.1.30.jar:10.1.30]
	at org.apache.catalina.core.StandardContextValve.invoke(StandardContextValve.java:90) ~[tomcat-embed-core-10.1.30.jar:10.1.30]
	at org.apache.catalina.authenticator.AuthenticatorBase.invoke(AuthenticatorBase.java:483) ~[tomcat-embed-core-10.1.30.jar:10.1.30]
	at org.apache.catalina.core.StandardHostValve.invoke(StandardHostValve.java:115) ~[tomcat-embed-core-10.1.30.jar:10.1.30]
	at org.apache.catalina.valves.ErrorReportValve.invoke(ErrorReportValve.java:93) ~[tomcat-embed-core-10.1.30.jar:10.1.30]
	at org.apache.catalina.core.StandardEngineValve.invoke(StandardEngineValve.java:74) ~[tomcat-embed-core-10.1.30.jar:10.1.30]
	at org.apache.catalina.connector.CoyoteAdapter.service(CoyoteAdapter.java:344) ~[tomcat-embed-core-10.1.30.jar:10.1.30]
	at org.apache.coyote.http11.Http11Processor.service(Http11Processor.java:384) ~[tomcat-embed-core-10.1.30.jar:10.1.30]
	at org.apache.coyote.AbstractProcessorLight.process(AbstractProcessorLight.java:63) ~[tomcat-embed-core-10.1.30.jar:10.1.30]
	at org.apache.coyote.AbstractProtocol$ConnectionHandler.process(AbstractProtocol.java:905) ~[tomcat-embed-core-10.1.30.jar:10.1.30]
	at org.apache.tomcat.util.net.NioEndpoint$SocketProcessor.doRun(NioEndpoint.java:1741) ~[tomcat-embed-core-10.1.30.jar:10.1.30]
	at org.apache.tomcat.util.net.SocketProcessorBase.run(SocketProcessorBase.java:52) ~[tomcat-embed-core-10.1.30.jar:10.1.30]
	at org.apache.tomcat.util.threads.ThreadPoolExecutor.runWorker(ThreadPoolExecutor.java:1190) ~[tomcat-embed-core-10.1.30.jar:10.1.30]
	at org.apache.tomcat.util.threads.ThreadPoolExecutor$Worker.run(ThreadPoolExecutor.java:659) ~[tomcat-embed-core-10.1.30.jar:10.1.30]
	at org.apache.tomcat.util.threads.TaskThread$WrappingRunnable.run(TaskThread.java:63) ~[tomcat-embed-core-10.1.30.jar:10.1.30]
	at java.base/java.lang.Thread.run(Thread.java:840) ~[na:na]

2024-09-28T16:12:18.373+08:00  INFO 32674 --- [jpa-many-to-one] [SpringApplicationShutdownHook] j.LocalContainerEntityManagerFactoryBean : Closing JPA EntityManagerFactory for persistence unit 'default'
2024-09-28T16:12:18.375+08:00  INFO 32674 --- [jpa-many-to-one] [SpringApplicationShutdownHook] com.zaxxer.hikari.HikariDataSource       : HikariPool-1 - Shutdown initiated...
2024-09-28T16:12:18.381+08:00  INFO 32674 --- [jpa-many-to-one] [SpringApplicationShutdownHook] com.zaxxer.hikari.HikariDataSource       : HikariPool-1 - Shutdown completed.
2024-09-28T16:12:21.149+08:00  INFO 33671 --- [jpa-many-to-one] [restartedMain] c.e.j.JpaManyToOneApplication            : Starting JpaManyToOneApplication using Java 17.0.12 with PID 33671 (/home/berlin/Programing/SpringBoot/jpa-many-to-one/build/classes/java/main started by berlin in /home/berlin/Programing/SpringBoot/jpa-many-to-one)
2024-09-28T16:12:21.150+08:00  INFO 33671 --- [jpa-many-to-one] [restartedMain] c.e.j.JpaManyToOneApplication            : No active profile set, falling back to 1 default profile: "default"
2024-09-28T16:12:21.170+08:00  INFO 33671 --- [jpa-many-to-one] [restartedMain] .e.DevToolsPropertyDefaultsPostProcessor : Devtools property defaults active! Set 'spring.devtools.add-properties' to 'false' to disable
2024-09-28T16:12:21.170+08:00  INFO 33671 --- [jpa-many-to-one] [restartedMain] .e.DevToolsPropertyDefaultsPostProcessor : For additional web related logging consider setting the 'logging.level.web' property to 'DEBUG'
2024-09-28T16:12:21.398+08:00  INFO 33671 --- [jpa-many-to-one] [restartedMain] .s.d.r.c.RepositoryConfigurationDelegate : Bootstrapping Spring Data JPA repositories in DEFAULT mode.
2024-09-28T16:12:21.418+08:00  INFO 33671 --- [jpa-many-to-one] [restartedMain] .s.d.r.c.RepositoryConfigurationDelegate : Finished Spring Data repository scanning in 17 ms. Found 2 JPA repository interfaces.
2024-09-28T16:12:21.638+08:00  INFO 33671 --- [jpa-many-to-one] [restartedMain] o.s.b.w.embedded.tomcat.TomcatWebServer  : Tomcat initialized with port 8080 (http)
2024-09-28T16:12:21.644+08:00  INFO 33671 --- [jpa-many-to-one] [restartedMain] o.apache.catalina.core.StandardService   : Starting service [Tomcat]
2024-09-28T16:12:21.645+08:00  INFO 33671 --- [jpa-many-to-one] [restartedMain] o.apache.catalina.core.StandardEngine    : Starting Servlet engine: [Apache Tomcat/10.1.30]
2024-09-28T16:12:21.664+08:00  INFO 33671 --- [jpa-many-to-one] [restartedMain] o.a.c.c.C.[Tomcat].[localhost].[/]       : Initializing Spring embedded WebApplicationContext
2024-09-28T16:12:21.664+08:00  INFO 33671 --- [jpa-many-to-one] [restartedMain] w.s.c.ServletWebServerApplicationContext : Root WebApplicationContext: initialization completed in 494 ms
2024-09-28T16:12:21.728+08:00  INFO 33671 --- [jpa-many-to-one] [restartedMain] o.hibernate.jpa.internal.util.LogHelper  : HHH000204: Processing PersistenceUnitInfo [name: default]
2024-09-28T16:12:21.748+08:00  INFO 33671 --- [jpa-many-to-one] [restartedMain] org.hibernate.Version                    : HHH000412: Hibernate ORM core version 6.5.3.Final
2024-09-28T16:12:21.765+08:00  INFO 33671 --- [jpa-many-to-one] [restartedMain] o.h.c.internal.RegionFactoryInitiator    : HHH000026: Second-level cache disabled
2024-09-28T16:12:21.884+08:00  INFO 33671 --- [jpa-many-to-one] [restartedMain] o.s.o.j.p.SpringPersistenceUnitInfo      : No LoadTimeWeaver setup: ignoring JPA class transformer
2024-09-28T16:12:21.896+08:00  INFO 33671 --- [jpa-many-to-one] [restartedMain] com.zaxxer.hikari.HikariDataSource       : HikariPool-1 - Starting...
2024-09-28T16:12:22.025+08:00  INFO 33671 --- [jpa-many-to-one] [restartedMain] com.zaxxer.hikari.pool.HikariPool        : HikariPool-1 - Added connection com.mysql.cj.jdbc.ConnectionImpl@729b2fa7
2024-09-28T16:12:22.026+08:00  INFO 33671 --- [jpa-many-to-one] [restartedMain] com.zaxxer.hikari.HikariDataSource       : HikariPool-1 - Start completed.
2024-09-28T16:12:22.430+08:00  INFO 33671 --- [jpa-many-to-one] [restartedMain] o.h.e.t.j.p.i.JtaPlatformInitiator       : HHH000489: No JTA platform available (set 'hibernate.transaction.jta.platform' to enable JTA platform integration)
2024-09-28T16:12:22.458+08:00  INFO 33671 --- [jpa-many-to-one] [restartedMain] j.LocalContainerEntityManagerFactoryBean : Initialized JPA EntityManagerFactory for persistence unit 'default'
2024-09-28T16:12:22.696+08:00  INFO 33671 --- [jpa-many-to-one] [restartedMain] o.s.b.d.a.OptionalLiveReloadServer       : LiveReload server is running on port 35729
2024-09-28T16:12:22.708+08:00  INFO 33671 --- [jpa-many-to-one] [restartedMain] o.s.b.w.embedded.tomcat.TomcatWebServer  : Tomcat started on port 8080 (http) with context path '/'
2024-09-28T16:12:22.716+08:00  INFO 33671 --- [jpa-many-to-one] [restartedMain] c.e.j.JpaManyToOneApplication            : Started JpaManyToOneApplication in 1.748 seconds (process running for 1.902)
2024-09-28T16:12:29.510+08:00  INFO 33671 --- [jpa-many-to-one] [http-nio-8080-exec-1] o.a.c.c.C.[Tomcat].[localhost].[/]       : Initializing Spring DispatcherServlet 'dispatcherServlet'
2024-09-28T16:12:29.510+08:00  INFO 33671 --- [jpa-many-to-one] [http-nio-8080-exec-1] o.s.web.servlet.DispatcherServlet        : Initializing Servlet 'dispatcherServlet'
2024-09-28T16:12:29.511+08:00  INFO 33671 --- [jpa-many-to-one] [http-nio-8080-exec-1] o.s.web.servlet.DispatcherServlet        : Completed initialization in 1 ms
2024-09-28T16:40:01.951+08:00  INFO 33671 --- [jpa-many-to-one] [SpringApplicationShutdownHook] j.LocalContainerEntityManagerFactoryBean : Closing JPA EntityManagerFactory for persistence unit 'default'
2024-09-28T16:40:01.953+08:00  INFO 33671 --- [jpa-many-to-one] [SpringApplicationShutdownHook] com.zaxxer.hikari.HikariDataSource       : HikariPool-1 - Shutdown initiated...
2024-09-28T16:40:01.958+08:00  INFO 33671 --- [jpa-many-to-one] [SpringApplicationShutdownHook] com.zaxxer.hikari.HikariDataSource       : HikariPool-1 - Shutdown completed.
